

Microchip MPLAB XC8 Assembler V2.45 build 20230818022343 
                                                                                               Tue Mar 11 09:58:55 2025

Microchip MPLAB XC8 C Compiler v2.45 (Free license) build 20230818022343 Og1 
     1                           	processor	18F25K80
     2                           	fnconf	rparam,??,?,0
     3                           	pagewidth 120
     4                           	opt	flic
     5                           	psect	smallconst,global,reloc=2,class=SMALLCONST,delta=1,noexec
     6                           	psect	cinit,global,reloc=2,class=CODE,delta=1
     7                           	psect	cstackCOMRAM,global,class=COMRAM,space=1,delta=1,lowdata,noexec
     8                           	psect	text0,global,reloc=2,class=CODE,delta=1
     9                           	psect	text1,global,reloc=2,class=CODE,delta=1
    10                           	psect	text2,global,reloc=2,class=CODE,delta=1
    11                           	psect	text3,global,reloc=2,class=CODE,delta=1
    12                           	psect	text4,global,reloc=2,class=CODE,delta=1
    13                           	psect	text5,global,reloc=2,class=CODE,delta=1
    14                           	psect	intsave_regs,global,class=BIGRAM,space=1,delta=1,noexec
    15                           	psect	rparam,global,class=COMRAM,space=1,delta=1,noexec
    16                           	psect	config,global,abs,ovrld,class=CONFIG,space=4,delta=1,noexec
    17   000000                     
    18                           ; Generated 18/08/2023 GMT
    19                           ; 
    20                           ; Copyright © 2023, Microchip Technology Inc. and its subsidiaries ("Microchip")
    21                           ; All rights reserved.
    22                           ; 
    23                           ; This software is developed by Microchip Technology Inc. and its subsidiaries ("Microch
      +                          ip").
    24                           ; 
    25                           ; Redistribution and use in source and binary forms, with or without modification, are
    26                           ; permitted provided that the following conditions are met:
    27                           ; 
    28                           ;     1. Redistributions of source code must retain the above copyright notice, this lis
      +                          t of
    29                           ;        conditions and the following disclaimer.
    30                           ; 
    31                           ;     2. Redistributions in binary form must reproduce the above copyright notice, this 
      +                          list
    32                           ;        of conditions and the following disclaimer in the documentation and/or other
    33                           ;        materials provided with the distribution. Publication is not required when
    34                           ;        this file is used in an embedded application.
    35                           ; 
    36                           ;     3. Microchip's name may not be used to endorse or promote products derived from th
      +                          is
    37                           ;        software without specific prior written permission.
    38                           ; 
    39                           ; THIS SOFTWARE IS PROVIDED BY MICROCHIP "AS IS" AND ANY EXPRESS OR IMPLIED WARRANTIES,
    40                           ; INCLUDING, BUT NOT LIMITED TO, THE IMPLIED WARRANTIES OF MERCHANTABILITY AND FITNESS F
      +                          OR
    41                           ; PURPOSE ARE DISCLAIMED.  IN NO EVENT SHALL MICROCHIP BE LIABLE FOR ANY DIRECT, INDIREC
      +                          T,
    42                           ; INCIDENTAL, SPECIAL, EXEMPLARY, OR CONSEQUENTIAL DAMAGES (INCLUDING BUT NOT LIMITED TO
    43                           ; PROCUREMENT OF SUBSTITUTE GOODS OR SERVICES; LOSS OF USE, DATA OR PROFITS; OR BUSINESS
    44                           ; INTERRUPTION) HOWSOEVER CAUSED AND ON ANY THEORY OF LIABILITY, WHETHER IN CONTRACT, ST
      +                          RICT
    45                           ; LIABILITY, OR TORT (INCLUDING NEGLIGENCE OR OTHERWISE) ARISING IN ANY WAY OUT OF THE U
      +                          SE OF
    46                           ; THIS SOFTWARE, EVEN IF ADVISED OF THE POSSIBILITY OF SUCH DAMAGE.
    47                           ; 
    48                           ; 
    49                           ; Code-generator required, PIC18F25K80 Definitions
    50                           ; 
    51                           ; SFR Addresses
    52   000000                     
    53                           	psect	smallconst
    54   000F00                     __psmallconst:
    55                           	callstack 0
    56   000F00  00                 	db	0
    57   000F01                     _tri:
    58                           	callstack 0
    59   000F01  09                 	db	9
    60   000F02  11                 	db	17
    61   000F03  1A                 	db	26
    62   000F04  22                 	db	34
    63   000F05  2B                 	db	43
    64   000F06  33                 	db	51
    65   000F07  3C                 	db	60
    66   000F08  44                 	db	68
    67   000F09  4D                 	db	77
    68   000F0A  55                 	db	85
    69   000F0B  5E                 	db	94
    70   000F0C  66                 	db	102
    71   000F0D  6F                 	db	111
    72   000F0E  77                 	db	119
    73   000F0F  80                 	db	128
    74   000F10  88                 	db	136
    75   000F11  91                 	db	145
    76   000F12  99                 	db	153
    77   000F13  A2                 	db	162
    78   000F14  AA                 	db	170
    79   000F15  B3                 	db	179
    80   000F16  BB                 	db	187
    81   000F17  C4                 	db	196
    82   000F18  CC                 	db	204
    83   000F19  D5                 	db	213
    84   000F1A  DD                 	db	221
    85   000F1B  E6                 	db	230
    86   000F1C  EE                 	db	238
    87   000F1D  F7                 	db	247
    88   000F1E  FF                 	db	255
    89   000F1F  F7                 	db	247
    90   000F20  EE                 	db	238
    91   000F21  E6                 	db	230
    92   000F22  DD                 	db	221
    93   000F23  D5                 	db	213
    94   000F24  CC                 	db	204
    95   000F25  C4                 	db	196
    96   000F26  BB                 	db	187
    97   000F27  B3                 	db	179
    98   000F28  AA                 	db	170
    99   000F29  A2                 	db	162
   100   000F2A  99                 	db	153
   101   000F2B  91                 	db	145
   102   000F2C  88                 	db	136
   103   000F2D  80                 	db	128
   104   000F2E  77                 	db	119
   105   000F2F  6F                 	db	111
   106   000F30  66                 	db	102
   107   000F31  5E                 	db	94
   108   000F32  56                 	db	86
   109   000F33  4D                 	db	77
   110   000F34  44                 	db	68
   111   000F35  3C                 	db	60
   112   000F36  33                 	db	51
   113   000F37  2B                 	db	43
   114   000F38  22                 	db	34
   115   000F39  1A                 	db	26
   116   000F3A  11                 	db	17
   117   000F3B  09                 	db	9
   118   000F3C  00                 	db	0
   119   000F3D                     __end_of_tri:
   120                           	callstack 0
   121   000F3D                     _car:
   122                           	callstack 0
   123   000F3D  00                 	db	0
   124   000F3E  00                 	db	0
   125   000F3F  00                 	db	0
   126   000F40  00                 	db	0
   127   000F41  00                 	db	0
   128   000F42  00                 	db	0
   129   000F43  00                 	db	0
   130   000F44  00                 	db	0
   131   000F45  00                 	db	0
   132   000F46  00                 	db	0
   133   000F47  00                 	db	0
   134   000F48  00                 	db	0
   135   000F49  00                 	db	0
   136   000F4A  00                 	db	0
   137   000F4B  00                 	db	0
   138   000F4C  00                 	db	0
   139   000F4D  00                 	db	0
   140   000F4E  00                 	db	0
   141   000F4F  00                 	db	0
   142   000F50  00                 	db	0
   143   000F51  00                 	db	0
   144   000F52  00                 	db	0
   145   000F53  00                 	db	0
   146   000F54  00                 	db	0
   147   000F55  00                 	db	0
   148   000F56  00                 	db	0
   149   000F57  00                 	db	0
   150   000F58  00                 	db	0
   151   000F59  00                 	db	0
   152   000F5A  00                 	db	0
   153   000F5B  FF                 	db	255
   154   000F5C  FF                 	db	255
   155   000F5D  FF                 	db	255
   156   000F5E  FF                 	db	255
   157   000F5F  FF                 	db	255
   158   000F60  FF                 	db	255
   159   000F61  FF                 	db	255
   160   000F62  FF                 	db	255
   161   000F63  FF                 	db	255
   162   000F64  FF                 	db	255
   163   000F65  FF                 	db	255
   164   000F66  FF                 	db	255
   165   000F67  FF                 	db	255
   166   000F68  FF                 	db	255
   167   000F69  FF                 	db	255
   168   000F6A  FF                 	db	255
   169   000F6B  FF                 	db	255
   170   000F6C  FF                 	db	255
   171   000F6D  FF                 	db	255
   172   000F6E  FF                 	db	255
   173   000F6F  FF                 	db	255
   174   000F70  FF                 	db	255
   175   000F71  FF                 	db	255
   176   000F72  FF                 	db	255
   177   000F73  FF                 	db	255
   178   000F74  FF                 	db	255
   179   000F75  FF                 	db	255
   180   000F76  FF                 	db	255
   181   000F77  FF                 	db	255
   182   000F78  FF                 	db	255
   183   000F79                     __end_of_car:
   184                           	callstack 0
   185   000F79                     _sin:
   186                           	callstack 0
   187   000F79  FE                 	db	254
   188   000F7A  FE                 	db	254
   189   000F7B  FC                 	db	252
   190   000F7C  F9                 	db	249
   191   000F7D  F4                 	db	244
   192   000F7E  EE                 	db	238
   193   000F7F  E7                 	db	231
   194   000F80  DE                 	db	222
   195   000F81  D5                 	db	213
   196   000F82  CA                 	db	202
   197   000F83  BF                 	db	191
   198   000F84  B3                 	db	179
   199   000F85  A7                 	db	167
   200   000F86  9A                 	db	154
   201   000F87  8D                 	db	141
   202   000F88  7F                 	db	127
   203   000F89  72                 	db	114
   204   000F8A  65                 	db	101
   205   000F8B  58                 	db	88
   206   000F8C  4C                 	db	76
   207   000F8D  40                 	db	64
   208   000F8E  35                 	db	53
   209   000F8F  2A                 	db	42
   210   000F90  21                 	db	33
   211   000F91  18                 	db	24
   212   000F92  11                 	db	17
   213   000F93  0B                 	db	11
   214   000F94  06                 	db	6
   215   000F95  03                 	db	3
   216   000F96  01                 	db	1
   217   000F97  00                 	db	0
   218   000F98  01                 	db	1
   219   000F99  03                 	db	3
   220   000F9A  06                 	db	6
   221   000F9B  0B                 	db	11
   222   000F9C  11                 	db	17
   223   000F9D  18                 	db	24
   224   000F9E  21                 	db	33
   225   000F9F  2A                 	db	42
   226   000FA0  35                 	db	53
   227   000FA1  40                 	db	64
   228   000FA2  4C                 	db	76
   229   000FA3  58                 	db	88
   230   000FA4  65                 	db	101
   231   000FA5  72                 	db	114
   232   000FA6  80                 	db	128
   233   000FA7  8D                 	db	141
   234   000FA8  9A                 	db	154
   235   000FA9  A7                 	db	167
   236   000FAA  B3                 	db	179
   237   000FAB  BF                 	db	191
   238   000FAC  CA                 	db	202
   239   000FAD  D5                 	db	213
   240   000FAE  DE                 	db	222
   241   000FAF  E7                 	db	231
   242   000FB0  EE                 	db	238
   243   000FB1  F4                 	db	244
   244   000FB2  F9                 	db	249
   245   000FB3  FC                 	db	252
   246   000FB4  FE                 	db	254
   247   000FB5                     __end_of_sin:
   248                           	callstack 0
   249   000000                     _LATAbits	set	3977
   250   000000                     _WPUB	set	3931
   251   000000                     _ANCON1	set	3932
   252   000000                     _ANCON0	set	3933
   253   000000                     _LATA	set	3977
   254   000000                     _REFOCON	set	3994
   255   000000                     _OSCTUNE	set	3995
   256   000000                     _OSCCON2	set	4050
   257   000000                     _OSCCON	set	4051
   258   000000                     _INTCON2bits	set	4081
   259   000000                     _SSPCON1bits	set	4038
   260   000000                     _TRISA	set	3986
   261   000000                     _LATC	set	3979
   262   000000                     _LATB	set	3978
   263   000000                     _TRISC	set	3988
   264   000000                     _TRISB	set	3987
   265   000000                     _INTCONbits	set	4082
   266   000FB5  00                 	db	0	; dummy byte at the end
   267   000000                     
   268                           ; #config settings
   269                           
   270                           	psect	cinit
   271   001040                     __pcinit:
   272                           	callstack 0
   273   001040                     start_initialization:
   274                           	callstack 0
   275   001040                     __initialization:
   276                           	callstack 0
   277   001040                     end_of_initialization:
   278                           	callstack 0
   279   001040                     __end_of__initialization:
   280                           	callstack 0
   281   001040  0E00               	movlw	low (__Lsmallconst shr (0+16))
   282   001042  6EF8               	movwf	tblptru,c
   283   001044  0E0F               	movlw	high __Lsmallconst
   284   001046  6EF7               	movwf	tblptrh,c
   285   001048  0100               	movlb	0
   286   00104A  EF0D  F008         	goto	_main	;jump to C main() function
   287                           
   288                           	psect	cstackCOMRAM
   289   000001                     __pcstackCOMRAM:
   290                           	callstack 0
   291   000001                     ??_sinus_60:
   292   000001                     
   293                           ; 1 bytes @ 0x0
   294   000001                     	ds	1
   295   000002                     sinus_60@i:
   296                           	callstack 0
   297                           
   298                           ; 1 bytes @ 0x1
   299   000002                     	ds	1
   300   000003                     
   301                           ; 1 bytes @ 0x2
   302 ;;
   303 ;;Main: autosize = 0, tempsize = 0, incstack = 0, save=0
   304 ;;
   305 ;; *************** function _main *****************
   306 ;; Defined at:
   307 ;;		line 47 in file "main.c"
   308 ;; Parameters:    Size  Location     Type
   309 ;;		None
   310 ;; Auto vars:     Size  Location     Type
   311 ;;  tension         4    0        float 
   312 ;;  lecture         1    0        unsigned char 
   313 ;;  valeur          1    0        unsigned char 
   314 ;; Return value:  Size  Location     Type
   315 ;;                  1    wreg      void 
   316 ;; Registers used:
   317 ;;		wreg, status,2, status,0, tblptrl, tblptrh, tblptru, cstack
   318 ;; Tracked objects:
   319 ;;		On entry : 0/0
   320 ;;		On exit  : 0/0
   321 ;;		Unchanged: 0/0
   322 ;; Data sizes:     COMRAM   BANK0   BANK1   BANK2   BANK3   BANK4   BANK5   BANK6   BANK7   BANK8   BANK9  BANK11  BANK1
      +2  BANK13  BANK10  BANK14
   323 ;;      Params:         0       0       0       0       0       0       0       0       0       0       0       0       
      +0       0       0       0
   324 ;;      Locals:         0       0       0       0       0       0       0       0       0       0       0       0       
      +0       0       0       0
   325 ;;      Temps:          0       0       0       0       0       0       0       0       0       0       0       0       
      +0       0       0       0
   326 ;;      Totals:         0       0       0       0       0       0       0       0       0       0       0       0       
      +0       0       0       0
   327 ;;Total ram usage:        0 bytes
   328 ;; Hardware stack levels required when called: 2
   329 ;; This function calls:
   330 ;;		_SYSTEM_Initialize
   331 ;;		_sinus_60
   332 ;; This function is called by:
   333 ;;		Startup code after reset
   334 ;; This function uses a non-reentrant model
   335 ;;
   336                           
   337                           	psect	text0
   338   00101A                     __ptext0:
   339                           	callstack 0
   340   00101A                     _main:
   341                           	callstack 29
   342   00101A                     
   343                           ;main.c: 49:     uint8_t valeur, lecture;;main.c: 50:     float tension;;main.c: 52:    
      +                           SYSTEM_Initialize();
   344   00101A  EC27  F008         	call	_SYSTEM_Initialize	;wreg free
   345   00101E                     
   346                           ;main.c: 60:     SSPCON1bits.SSPEN = 1;
   347   00101E  8AC6               	bsf	198,5,c	;volatile
   348   001020  8A89               	bsf	137,5,c	;volatile
   349   001022                     l797:
   350                           
   351                           ;main.c: 64:     {;main.c: 96:         sinus_60();
   352   001022  ECDB  F007         	call	_sinus_60	;wreg free
   353   001026  EF11  F008         	goto	l797
   354   00102A  EF00  F000         	goto	start
   355   00102E                     __end_of_main:
   356                           	callstack 0
   357                           
   358 ;; *************** function _sinus_60 *****************
   359 ;; Defined at:
   360 ;;		line 122 in file "main.c"
   361 ;; Parameters:    Size  Location     Type
   362 ;;		None
   363 ;; Auto vars:     Size  Location     Type
   364 ;;  i               1    1[COMRAM] unsigned char 
   365 ;; Return value:  Size  Location     Type
   366 ;;                  1    wreg      void 
   367 ;; Registers used:
   368 ;;		wreg, status,2, status,0, tblptrl, tblptrh, tblptru, cstack
   369 ;; Tracked objects:
   370 ;;		On entry : 0/0
   371 ;;		On exit  : 0/0
   372 ;;		Unchanged: 0/0
   373 ;; Data sizes:     COMRAM   BANK0   BANK1   BANK2   BANK3   BANK4   BANK5   BANK6   BANK7   BANK8   BANK9  BANK11  BANK1
      +2  BANK13  BANK10  BANK14
   374 ;;      Params:         0       0       0       0       0       0       0       0       0       0       0       0       
      +0       0       0       0
   375 ;;      Locals:         1       0       0       0       0       0       0       0       0       0       0       0       
      +0       0       0       0
   376 ;;      Temps:          1       0       0       0       0       0       0       0       0       0       0       0       
      +0       0       0       0
   377 ;;      Totals:         2       0       0       0       0       0       0       0       0       0       0       0       
      +0       0       0       0
   378 ;;Total ram usage:        2 bytes
   379 ;; Hardware stack levels used: 1
   380 ;; Hardware stack levels required when called: 1
   381 ;; This function calls:
   382 ;;		_out_dig
   383 ;; This function is called by:
   384 ;;		_main
   385 ;; This function uses a non-reentrant model
   386 ;;
   387                           
   388                           	psect	text1
   389   000FB6                     __ptext1:
   390                           	callstack 0
   391   000FB6                     _sinus_60:
   392                           	callstack 29
   393   000FB6                     l77:
   394   000FB6                     
   395                           ;main.c: 125:         for (i=0;i<60;i++) {
   396   000FB6  0E00               	movlw	0
   397   000FB8  6E02               	movwf	sinus_60@i^0,c
   398   000FBA                     l781:
   399                           
   400                           ;main.c: 126:             out_dig(sin[i]);
   401   000FBA  5002               	movf	sinus_60@i^0,w,c
   402   000FBC  0F79               	addlw	low _sin
   403   000FBE  6E01               	movwf	??_sinus_60^0,c
   404   000FC0  C001  FFF6         	movff	??_sinus_60,tblptrl
   405   000FC4                     	if	0	;There is only one active tblptr byte
   406   000FC4                     	endif
   407   000FC4                     	if	0	;tblptru may be non-zero
   408   000FC4                     	endif
   409   000FC4                     	if	0	;tblptru may be non-zero
   410   000FC4                     	endif
   411   000FC4  0008               	tblrd		*
   412   000FC6  50F5               	movf	tablat,w,c
   413   000FC8  EC2C  F008         	call	_out_dig
   414   000FCC                     
   415                           ;main.c: 127:    _delay((unsigned long)((1)*(20000000/4000.0)));
   416   000FCC  0E07               	movlw	7
   417   000FCE  6E01               	movwf	??_sinus_60^0,c
   418   000FD0  0E7D               	movlw	125
   419   000FD2                     u27:
   420   000FD2  2EE8               	decfsz	wreg,f,c
   421   000FD4  D7FE               	bra	u27
   422   000FD6  2E01               	decfsz	??_sinus_60^0,f,c
   423   000FD8  D7FC               	bra	u27
   424   000FDA  0000               	nop	
   425   000FDC                     
   426                           ;main.c: 128:             }
   427   000FDC  2A02               	incf	sinus_60@i^0,f,c
   428   000FDE  0E3B               	movlw	59
   429   000FE0  6402               	cpfsgt	sinus_60@i^0,c
   430   000FE2  EFF5  F007         	goto	u11
   431   000FE6  EFF7  F007         	goto	u10
   432   000FEA                     u11:
   433   000FEA  EFDD  F007         	goto	l781
   434   000FEE                     u10:
   435   000FEE  EFDB  F007         	goto	l77
   436   000FF2  0012               	return		;funcret
   437   000FF4                     __end_of_sinus_60:
   438                           	callstack 0
   439                           
   440 ;; *************** function _out_dig *****************
   441 ;; Defined at:
   442 ;;		line 136 in file "main.c"
   443 ;; Parameters:    Size  Location     Type
   444 ;;  x               1    wreg     unsigned char 
   445 ;; Auto vars:     Size  Location     Type
   446 ;;  x               1    0[COMRAM] unsigned char 
   447 ;; Return value:  Size  Location     Type
   448 ;;                  1    wreg      void 
   449 ;; Registers used:
   450 ;;		wreg
   451 ;; Tracked objects:
   452 ;;		On entry : 0/0
   453 ;;		On exit  : 0/0
   454 ;;		Unchanged: 0/0
   455 ;; Data sizes:     COMRAM   BANK0   BANK1   BANK2   BANK3   BANK4   BANK5   BANK6   BANK7   BANK8   BANK9  BANK11  BANK1
      +2  BANK13  BANK10  BANK14
   456 ;;      Params:         0       0       0       0       0       0       0       0       0       0       0       0       
      +0       0       0       0
   457 ;;      Locals:         0       0       0       0       0       0       0       0       0       0       0       0       
      +0       0       0       0
   458 ;;      Temps:          0       0       0       0       0       0       0       0       0       0       0       0       
      +0       0       0       0
   459 ;;      Totals:         0       0       0       0       0       0       0       0       0       0       0       0       
      +0       0       0       0
   460 ;;Total ram usage:        0 bytes
   461 ;; Hardware stack levels used: 1
   462 ;; This function calls:
   463 ;;		Nothing
   464 ;; This function is called by:
   465 ;;		_sinus_60
   466 ;; This function uses a non-reentrant model
   467 ;;
   468                           
   469                           	psect	text2
   470   001058                     __ptext2:
   471                           	callstack 0
   472   001058                     _out_dig:
   473                           	callstack 29
   474   001058  9A89               	bcf	137,5,c	;volatile
   475   00105A  0012               	return		;funcret
   476   00105C                     __end_of_out_dig:
   477                           	callstack 0
   478                           
   479 ;; *************** function _SYSTEM_Initialize *****************
   480 ;; Defined at:
   481 ;;		line 50 in file "mcc_generated_files/mcc.c"
   482 ;; Parameters:    Size  Location     Type
   483 ;;		None
   484 ;; Auto vars:     Size  Location     Type
   485 ;;		None
   486 ;; Return value:  Size  Location     Type
   487 ;;                  1    wreg      void 
   488 ;; Registers used:
   489 ;;		wreg, status,2, cstack
   490 ;; Tracked objects:
   491 ;;		On entry : 0/0
   492 ;;		On exit  : 0/0
   493 ;;		Unchanged: 0/0
   494 ;; Data sizes:     COMRAM   BANK0   BANK1   BANK2   BANK3   BANK4   BANK5   BANK6   BANK7   BANK8   BANK9  BANK11  BANK1
      +2  BANK13  BANK10  BANK14
   495 ;;      Params:         0       0       0       0       0       0       0       0       0       0       0       0       
      +0       0       0       0
   496 ;;      Locals:         0       0       0       0       0       0       0       0       0       0       0       0       
      +0       0       0       0
   497 ;;      Temps:          0       0       0       0       0       0       0       0       0       0       0       0       
      +0       0       0       0
   498 ;;      Totals:         0       0       0       0       0       0       0       0       0       0       0       0       
      +0       0       0       0
   499 ;;Total ram usage:        0 bytes
   500 ;; Hardware stack levels used: 1
   501 ;; Hardware stack levels required when called: 1
   502 ;; This function calls:
   503 ;;		_OSCILLATOR_Initialize
   504 ;;		_PIN_MANAGER_Initialize
   505 ;; This function is called by:
   506 ;;		_main
   507 ;; This function uses a non-reentrant model
   508 ;;
   509                           
   510                           	psect	text3
   511   00104E                     __ptext3:
   512                           	callstack 0
   513   00104E                     _SYSTEM_Initialize:
   514                           	callstack 29
   515   00104E                     
   516                           ;mcc_generated_files/mcc.c: 53:     PIN_MANAGER_Initialize();
   517   00104E  ECFA  F007         	call	_PIN_MANAGER_Initialize	;wreg free
   518                           
   519                           ;mcc_generated_files/mcc.c: 54:     OSCILLATOR_Initialize();
   520   001052  EC17  F008         	call	_OSCILLATOR_Initialize	;wreg free
   521   001056  0012               	return		;funcret
   522   001058                     __end_of_SYSTEM_Initialize:
   523                           	callstack 0
   524                           
   525 ;; *************** function _PIN_MANAGER_Initialize *****************
   526 ;; Defined at:
   527 ;;		line 55 in file "mcc_generated_files/pin_manager.c"
   528 ;; Parameters:    Size  Location     Type
   529 ;;		None
   530 ;; Auto vars:     Size  Location     Type
   531 ;;		None
   532 ;; Return value:  Size  Location     Type
   533 ;;                  1    wreg      void 
   534 ;; Registers used:
   535 ;;		wreg, status,2
   536 ;; Tracked objects:
   537 ;;		On entry : 0/0
   538 ;;		On exit  : 0/0
   539 ;;		Unchanged: 0/0
   540 ;; Data sizes:     COMRAM   BANK0   BANK1   BANK2   BANK3   BANK4   BANK5   BANK6   BANK7   BANK8   BANK9  BANK11  BANK1
      +2  BANK13  BANK10  BANK14
   541 ;;      Params:         0       0       0       0       0       0       0       0       0       0       0       0       
      +0       0       0       0
   542 ;;      Locals:         0       0       0       0       0       0       0       0       0       0       0       0       
      +0       0       0       0
   543 ;;      Temps:          0       0       0       0       0       0       0       0       0       0       0       0       
      +0       0       0       0
   544 ;;      Totals:         0       0       0       0       0       0       0       0       0       0       0       0       
      +0       0       0       0
   545 ;;Total ram usage:        0 bytes
   546 ;; Hardware stack levels used: 1
   547 ;; This function calls:
   548 ;;		Nothing
   549 ;; This function is called by:
   550 ;;		_SYSTEM_Initialize
   551 ;; This function uses a non-reentrant model
   552 ;;
   553                           
   554                           	psect	text4
   555   000FF4                     __ptext4:
   556                           	callstack 0
   557   000FF4                     _PIN_MANAGER_Initialize:
   558                           	callstack 29
   559   000FF4                     
   560                           ;mcc_generated_files/pin_manager.c: 60:     LATA = 0x00;
   561   000FF4  0E00               	movlw	0
   562   000FF6  6E89               	movwf	137,c	;volatile
   563                           
   564                           ;mcc_generated_files/pin_manager.c: 61:     LATB = 0x00;
   565   000FF8  0E00               	movlw	0
   566   000FFA  6E8A               	movwf	138,c	;volatile
   567                           
   568                           ;mcc_generated_files/pin_manager.c: 62:     LATC = 0x00;
   569   000FFC  0E00               	movlw	0
   570   000FFE  6E8B               	movwf	139,c	;volatile
   571                           
   572                           ;mcc_generated_files/pin_manager.c: 67:     TRISA = 0xCF;
   573   001000  0ECF               	movlw	207
   574   001002  6E92               	movwf	146,c	;volatile
   575   001004                     
   576                           ;mcc_generated_files/pin_manager.c: 68:     TRISB = 0xFF;
   577   001004  6893               	setf	147,c	;volatile
   578   001006                     
   579                           ;mcc_generated_files/pin_manager.c: 69:     TRISC = 0xFF;
   580   001006  6894               	setf	148,c	;volatile
   581                           
   582                           ;mcc_generated_files/pin_manager.c: 74:     ANCON0 = 0x1F;
   583   001008  0E1F               	movlw	31
   584   00100A  010F               	movlb	15	; () banked
   585   00100C  6F5D               	movwf	93,b	;volatile
   586                           
   587                           ;mcc_generated_files/pin_manager.c: 75:     ANCON1 = 0x07;
   588   00100E  0E07               	movlw	7
   589   001010  6F5C               	movwf	92,b	;volatile
   590                           
   591                           ;mcc_generated_files/pin_manager.c: 80:     WPUB = 0x00;
   592   001012  0E00               	movlw	0
   593   001014  6F5B               	movwf	91,b	;volatile
   594   001016                     
   595                           ; BSR set to: 15
   596                           ;mcc_generated_files/pin_manager.c: 81:     INTCON2bits.nRBPU = 1;
   597   001016  8EF1               	bsf	241,7,c	;volatile
   598   001018                     
   599                           ; BSR set to: 15
   600   001018  0012               	return		;funcret
   601   00101A                     __end_of_PIN_MANAGER_Initialize:
   602                           	callstack 0
   603                           
   604 ;; *************** function _OSCILLATOR_Initialize *****************
   605 ;; Defined at:
   606 ;;		line 57 in file "mcc_generated_files/mcc.c"
   607 ;; Parameters:    Size  Location     Type
   608 ;;		None
   609 ;; Auto vars:     Size  Location     Type
   610 ;;		None
   611 ;; Return value:  Size  Location     Type
   612 ;;                  1    wreg      void 
   613 ;; Registers used:
   614 ;;		wreg, status,2
   615 ;; Tracked objects:
   616 ;;		On entry : 0/0
   617 ;;		On exit  : 0/0
   618 ;;		Unchanged: 0/0
   619 ;; Data sizes:     COMRAM   BANK0   BANK1   BANK2   BANK3   BANK4   BANK5   BANK6   BANK7   BANK8   BANK9  BANK11  BANK1
      +2  BANK13  BANK10  BANK14
   620 ;;      Params:         0       0       0       0       0       0       0       0       0       0       0       0       
      +0       0       0       0
   621 ;;      Locals:         0       0       0       0       0       0       0       0       0       0       0       0       
      +0       0       0       0
   622 ;;      Temps:          0       0       0       0       0       0       0       0       0       0       0       0       
      +0       0       0       0
   623 ;;      Totals:         0       0       0       0       0       0       0       0       0       0       0       0       
      +0       0       0       0
   624 ;;Total ram usage:        0 bytes
   625 ;; Hardware stack levels used: 1
   626 ;; This function calls:
   627 ;;		Nothing
   628 ;; This function is called by:
   629 ;;		_SYSTEM_Initialize
   630 ;; This function uses a non-reentrant model
   631 ;;
   632                           
   633                           	psect	text5
   634   00102E                     __ptext5:
   635                           	callstack 0
   636   00102E                     _OSCILLATOR_Initialize:
   637                           	callstack 29
   638   00102E                     
   639                           ;mcc_generated_files/mcc.c: 60:     OSCCON = 0x60;
   640   00102E  0E60               	movlw	96
   641   001030  6ED3               	movwf	211,c	;volatile
   642                           
   643                           ;mcc_generated_files/mcc.c: 62:     OSCCON2 = 0x00;
   644   001032  0E00               	movlw	0
   645   001034  6ED2               	movwf	210,c	;volatile
   646                           
   647                           ;mcc_generated_files/mcc.c: 64:     OSCTUNE = 0x00;
   648   001036  0E00               	movlw	0
   649   001038  6E9B               	movwf	155,c	;volatile
   650                           
   651                           ;mcc_generated_files/mcc.c: 66:     REFOCON = 0x00;
   652   00103A  0E00               	movlw	0
   653   00103C  6E9A               	movwf	154,c	;volatile
   654   00103E  0012               	return		;funcret
   655   001040                     __end_of_OSCILLATOR_Initialize:
   656                           	callstack 0
   657                           
   658                           	psect	rparam
   659   000000                     
   660                           	psect	config
   661                           
   662                           ;Config register CONFIG1L @ 0x300000
   663                           ;	VREG Sleep Enable bit
   664                           ;	RETEN = OFF, Ultra low-power regulator is Disabled (Controlled by REGSLP bit)
   665                           ;	LF-INTOSC Low-power Enable bit
   666                           ;	INTOSCSEL = HIGH, LF-INTOSC in High-power mode during Sleep
   667                           ;	SOSC Power Selection and mode Configuration bits
   668                           ;	SOSCSEL = DIG, Digital (SCLKI) mode
   669                           ;	Extended Instruction Set
   670                           ;	XINST = OFF, Disabled
   671   300000                     	org	3145728
   672   300000  15                 	db	21
   673                           
   674                           ;Config register CONFIG1H @ 0x300001
   675                           ;	Oscillator
   676                           ;	FOSC = HS2, HS oscillator (High power, 16 MHz - 25 MHz)
   677                           ;	PLL x4 Enable bit
   678                           ;	PLLCFG = OFF, Disabled
   679                           ;	Fail-Safe Clock Monitor
   680                           ;	FCMEN = OFF, Disabled
   681                           ;	Internal External Oscillator Switch Over Mode
   682                           ;	IESO = OFF, Disabled
   683   300001                     	org	3145729
   684   300001  02                 	db	2
   685                           
   686                           ;Config register CONFIG2L @ 0x300002
   687                           ;	Power Up Timer
   688                           ;	PWRTEN = OFF, Disabled
   689                           ;	Brown Out Detect
   690                           ;	BOREN = SBORDIS, Enabled in hardware, SBOREN disabled
   691                           ;	Brown-out Reset Voltage bits
   692                           ;	BORV = 3, 1.8V
   693                           ;	BORMV Power level
   694                           ;	BORPWR = ZPBORMV, ZPBORMV instead of BORMV is selected
   695   300002                     	org	3145730
   696   300002  7F                 	db	127
   697                           
   698                           ;Config register CONFIG2H @ 0x300003
   699                           ;	Watchdog Timer
   700                           ;	WDTEN = OFF, WDT disabled in hardware; SWDTEN bit disabled
   701                           ;	Watchdog Postscaler
   702                           ;	WDTPS = 1048576, 1:1048576
   703   300003                     	org	3145731
   704   300003  50                 	db	80
   705                           
   706                           ; Padding undefined space
   707   300004                     	org	3145732
   708   300004  FF                 	db	255
   709                           
   710                           ;Config register CONFIG3H @ 0x300005
   711                           ;	ECAN Mux bit
   712                           ;	CANMX = PORTB, ECAN TX and RX pins are located on RB2 and RB3, respectively
   713                           ;	MSSP address masking
   714                           ;	MSSPMSK = MSK7, 7 Bit address masking mode
   715                           ;	Master Clear Enable
   716                           ;	MCLRE = ON, MCLR Enabled, RE3 Disabled
   717   300005                     	org	3145733
   718   300005  89                 	db	137
   719                           
   720                           ;Config register CONFIG4L @ 0x300006
   721                           ;	Stack Overflow Reset
   722                           ;	STVREN = ON, Enabled
   723                           ;	Boot Block Size
   724                           ;	BBSIZ = BB2K, 2K word Boot Block size
   725                           ;	Background Debugger
   726                           ;	DEBUG = 0x1, unprogrammed default
   727   300006                     	org	3145734
   728   300006  91                 	db	145
   729                           
   730                           ; Padding undefined space
   731   300007                     	org	3145735
   732   300007  FF                 	db	255
   733                           
   734                           ;Config register CONFIG5L @ 0x300008
   735                           ;	Code Protect 00800-01FFF
   736                           ;	CP0 = OFF, Disabled
   737                           ;	Code Protect 02000-03FFF
   738                           ;	CP1 = OFF, Disabled
   739                           ;	Code Protect 04000-05FFF
   740                           ;	CP2 = OFF, Disabled
   741                           ;	Code Protect 06000-07FFF
   742                           ;	CP3 = OFF, Disabled
   743   300008                     	org	3145736
   744   300008  0F                 	db	15
   745                           
   746                           ;Config register CONFIG5H @ 0x300009
   747                           ;	Code Protect Boot
   748                           ;	CPB = OFF, Disabled
   749                           ;	Data EE Read Protect
   750                           ;	CPD = OFF, Disabled
   751   300009                     	org	3145737
   752   300009  C0                 	db	192
   753                           
   754                           ;Config register CONFIG6L @ 0x30000A
   755                           ;	Table Write Protect 00800-01FFF
   756                           ;	WRT0 = OFF, Disabled
   757                           ;	Table Write Protect 02000-03FFF
   758                           ;	WRT1 = OFF, Disabled
   759                           ;	Table Write Protect 04000-05FFF
   760                           ;	WRT2 = OFF, Disabled
   761                           ;	Table Write Protect 06000-07FFF
   762                           ;	WRT3 = OFF, Disabled
   763   30000A                     	org	3145738
   764   30000A  0F                 	db	15
   765                           
   766                           ;Config register CONFIG6H @ 0x30000B
   767                           ;	Config. Write Protect
   768                           ;	WRTC = OFF, Disabled
   769                           ;	Table Write Protect Boot
   770                           ;	WRTB = OFF, Disabled
   771                           ;	Data EE Write Protect
   772                           ;	WRTD = OFF, Disabled
   773   30000B                     	org	3145739
   774   30000B  E0                 	db	224
   775                           
   776                           ;Config register CONFIG7L @ 0x30000C
   777                           ;	Table Read Protect 00800-01FFF
   778                           ;	EBTR0 = OFF, Disabled
   779                           ;	Table Read Protect 02000-03FFF
   780                           ;	EBTR1 = OFF, Disabled
   781                           ;	Table Read Protect 04000-05FFF
   782                           ;	EBTR2 = OFF, Disabled
   783                           ;	Table Read Protect 06000-07FFF
   784                           ;	EBTR3 = OFF, Disabled
   785   30000C                     	org	3145740
   786   30000C  0F                 	db	15
   787                           
   788                           ;Config register CONFIG7H @ 0x30000D
   789                           ;	Table Read Protect Boot
   790                           ;	EBTRB = OFF, Disabled
   791   30000D                     	org	3145741
   792   30000D  40                 	db	64
   793                           tosu	equ	0xFFF
   794                           tosh	equ	0xFFE
   795                           tosl	equ	0xFFD
   796                           stkptr	equ	0xFFC
   797                           pclatu	equ	0xFFB
   798                           pclath	equ	0xFFA
   799                           pcl	equ	0xFF9
   800                           tblptru	equ	0xFF8
   801                           tblptrh	equ	0xFF7
   802                           tblptrl	equ	0xFF6
   803                           tablat	equ	0xFF5
   804                           prodh	equ	0xFF4
   805                           prodl	equ	0xFF3
   806                           indf0	equ	0xFEF
   807                           postinc0	equ	0xFEE
   808                           postdec0	equ	0xFED
   809                           preinc0	equ	0xFEC
   810                           plusw0	equ	0xFEB
   811                           fsr0h	equ	0xFEA
   812                           fsr0l	equ	0xFE9
   813                           wreg	equ	0xFE8
   814                           indf1	equ	0xFE7
   815                           postinc1	equ	0xFE6
   816                           postdec1	equ	0xFE5
   817                           preinc1	equ	0xFE4
   818                           plusw1	equ	0xFE3
   819                           fsr1h	equ	0xFE2
   820                           fsr1l	equ	0xFE1
   821                           bsr	equ	0xFE0
   822                           indf2	equ	0xFDF
   823                           postinc2	equ	0xFDE
   824                           postdec2	equ	0xFDD
   825                           preinc2	equ	0xFDC
   826                           plusw2	equ	0xFDB
   827                           fsr2h	equ	0xFDA
   828                           fsr2l	equ	0xFD9
   829                           status	equ	0xFD8

Data Sizes:
    Strings     0
    Constant    180
    Data        0
    BSS         0
    Persistent  0
    Stack       0

Auto Spaces:
    Space          Size  Autos    Used
    COMRAM           95      2       2
    BANK0           160      0       0
    BANK1           256      0       0
    BANK2           256      0       0
    BANK3           256      0       0
    BANK4           256      0       0
    BANK5           256      0       0
    BANK6           256      0       0
    BANK7           256      0       0
    BANK8           256      0       0
    BANK9           256      0       0
    BANK11          256      0       0
    BANK12          256      0       0
    BANK13          256      0       0
    BANK10          256      0       0
    BANK14           65      0       0

Pointer List with Targets:

    None.

Critical Paths under _main in COMRAM

    _main->_sinus_60

Critical Paths under _main in BANK0

    None.

Critical Paths under _main in BANK1

    None.

Critical Paths under _main in BANK2

    None.

Critical Paths under _main in BANK3

    None.

Critical Paths under _main in BANK4

    None.

Critical Paths under _main in BANK5

    None.

Critical Paths under _main in BANK6

    None.

Critical Paths under _main in BANK7

    None.

Critical Paths under _main in BANK8

    None.

Critical Paths under _main in BANK9

    None.

Critical Paths under _main in BANK11

    None.

Critical Paths under _main in BANK12

    None.

Critical Paths under _main in BANK13

    None.

Critical Paths under _main in BANK10

    None.

Critical Paths under _main in BANK14

    None.

Call Graph Tables:

 ---------------------------------------------------------------------------------
 (Depth) Function   	        Calls       Base Space   Used Autos Params    Refs
 ---------------------------------------------------------------------------------
 (0) _main                                                 6     6      0      45
                  _SYSTEM_Initialize
                           _sinus_60
 ---------------------------------------------------------------------------------
 (1) _sinus_60                                             2     2      0      45
                                              0 COMRAM     2     2      0
                            _out_dig
 ---------------------------------------------------------------------------------
 (2) _out_dig                                              1     1      0       0
 ---------------------------------------------------------------------------------
 (1) _SYSTEM_Initialize                                    0     0      0       0
              _OSCILLATOR_Initialize
             _PIN_MANAGER_Initialize
 ---------------------------------------------------------------------------------
 (2) _PIN_MANAGER_Initialize                               0     0      0       0
 ---------------------------------------------------------------------------------
 (2) _OSCILLATOR_Initialize                                0     0      0       0
 ---------------------------------------------------------------------------------
 Estimated maximum stack depth 2
 ---------------------------------------------------------------------------------

 Call Graph Graphs:

 _main (ROOT)
   _SYSTEM_Initialize
     _OSCILLATOR_Initialize
     _PIN_MANAGER_Initialize
   _sinus_60
     _out_dig

 Address spaces:
Name               Size   Autos  Total    Cost      Usage
BITCOMRAM           5F      0       0       0        0.0%
EEDATA             400      0       0       0        0.0%
NULL                 0      0       0       0        0.0%
CODE                 0      0       0       0        0.0%
COMRAM              5F      2       2       1        2.1%
STACK                0      0       0       2        0.0%
DATA                 0      0       0       3        0.0%
BITBANK0            A0      0       0       4        0.0%
BANK0               A0      0       0       5        0.0%
BITBANK1           100      0       0       6        0.0%
BANK1              100      0       0       7        0.0%
BITBANK2           100      0       0       8        0.0%
BANK2              100      0       0       9        0.0%
BITBANK3           100      0       0      10        0.0%
BANK3              100      0       0      11        0.0%
BITBANK4           100      0       0      12        0.0%
BANK4              100      0       0      13        0.0%
BANK5              100      0       0      14        0.0%
BANK6              100      0       0      15        0.0%
BANK7              100      0       0      16        0.0%
BANK8              100      0       0      17        0.0%
BITBANK9           100      0       0      18        0.0%
BANK9              100      0       0      19        0.0%
BANK11             100      0       0      20        0.0%
BANK12             100      0       0      21        0.0%
BANK13             100      0       0      22        0.0%
BITBIGSFRhh          D      0       0      23        0.0%
BITBIGSFRhl         1D      0       0      24        0.0%
BITBIGSFRlhh         B      0       0      25        0.0%
BITBIGSFRlhl        2A      0       0      26        0.0%
BITBIGSFRllhh        5      0       0      27        0.0%
BITBIGSFRllhl        6      0       0      28        0.0%
BITBIGSFRlllh       2B      0       0      29        0.0%
BITBIGSFRllll      11A      0       0      30        0.0%
ABS                  0      0       0      31        0.0%
BITBANK5           100      0       0      32        0.0%
BITBANK6           100      0       0      33        0.0%
BITBANK7           100      0       0      34        0.0%
BITBANK8           100      0       0      35        0.0%
BITBANK10          100      0       0      36        0.0%
BANK10             100      0       0      37        0.0%
BITBANK11          100      0       0      38        0.0%
BITBANK12          100      0       0      39        0.0%
BITBANK13          100      0       0      40        0.0%
BITBANK14           41      0       0      41        0.0%
BANK14              41      0       0      42        0.0%
BIGRAM             E40      0       0      43        0.0%
BIGSFR               0      0       0     200        0.0%
BITSFR_2             0      0       0     200        0.0%
SFR_2                0      0       0     200        0.0%
BITSFR_1             0      0       0     200        0.0%
SFR_1                0      0       0     200        0.0%
BITSFR               0      0       0     200        0.0%
SFR                  0      0       0     200        0.0%


Microchip Technology PIC18 Macro Assembler V2.45 build 20230818022343 
Symbol Table                                                                                   Tue Mar 11 09:58:55 2025

                            l15 1056                              l18 103E                              l43 1018  
                            l85 1058                              l77 0FB6                              l87 105A  
                            u10 0FEE                              u11 0FEA                              u27 0FD2  
                           l771 102E                             l763 0FF4                             l765 1004  
                           l773 104E                             l781 0FBA                             l767 1006  
                           l783 0FCC                             l775 0FB6                             l791 101A  
                           l769 1016                             l785 0FDC                             l793 101E  
                           l787 0FDE                             l795 1020                             l797 1022  
                           _car 0F3D                             _sin 0F79                             _tri 0F01  
                           wreg 0FE8                            _LATA 0F89                            _LATB 0F8A  
                          _LATC 0F8B                            _WPUB 0F5B                            _main 101A  
                          start 0000                    ___param_bank 0000   __end_of_OSCILLATOR_Initialize 1040  
                         ?_main 0001                           _TRISA 0F92                           _TRISB 0F93  
                         _TRISC 0F94                           tablat 0FF5                 __end_of_out_dig 105C  
               __initialization 1040                    __end_of_main 102E                          ??_main 0003  
                 __activetblptr 0001                          _ANCON0 0F5D                          _ANCON1 0F5C  
                        _OSCCON 0FD3                          isa$std 0001                    __mediumconst 0000  
              __end_of_sinus_60 0FF4                          tblptrh 0FF7                          tblptrl 0FF6  
                        tblptru 0FF8                       ??_out_dig 0001               _SYSTEM_Initialize 104E  
                    __accesstop 0060         __end_of__initialization 1040              ?_SYSTEM_Initialize 0001  
                 ___rparam_used 0001                  __pcstackCOMRAM 0001             ??_SYSTEM_Initialize 0001  
     __end_of_SYSTEM_Initialize 1058                         _REFOCON 0F9A                         _OSCCON2 0FD2  
                       _OSCTUNE 0F9B                         __Hparam 0000                         __Lparam 0000  
                     ?_sinus_60 0001                    __psmallconst 0F00                         __pcinit 1040  
                       __ramtop 0F00                         __ptext0 101A                         __ptext1 0FB6  
                       __ptext2 1058                         __ptext3 104E                         __ptext4 0FF4  
                       __ptext5 102E           _OSCILLATOR_Initialize 102E        ??_PIN_MANAGER_Initialize 0001  
                       _out_dig 1058            end_of_initialization 1040                      ??_sinus_60 0001  
        ?_OSCILLATOR_Initialize 0001             start_initialization 1040                     __end_of_car 0F79  
                   __end_of_sin 0FB5                     __end_of_tri 0F3D          _PIN_MANAGER_Initialize 0FF4  
                   __smallconst 0F00                        ?_out_dig 0001                        _LATAbits 0F89  
                   _INTCON2bits 0FF1                        __Hrparam 0000                        __Lrparam 0000  
                  __Lsmallconst 0F00         ??_OSCILLATOR_Initialize 0001                        isa$xinst 0000  
                      _sinus_60 0FB6                       sinus_60@i 0002                      _INTCONbits 0FF2  
       ?_PIN_MANAGER_Initialize 0001                        out_dig@x 0001                     _SSPCON1bits 0FC6  
__end_of_PIN_MANAGER_Initialize 101A  
